<?xml version="1.0" encoding="UTF-8"?>
<checkstyle version="8.10.1">
<file name="/Users/Terry/Documents/PRG/projects/Windfarms/ideal-opta-journey/windfarm-cxd/src/main/java/com/windfarmplanner/Base.java">
<error line="0" severity="warning" message="File does not end with a newline." source="com.puppycrawl.tools.checkstyle.checks.NewlineAtEndOfFileCheck"/>
<error line="3" column="1" severity="warning" message="Redundant import from the same package - com.windfarmplanner.Location." source="com.puppycrawl.tools.checkstyle.checks.imports.RedundantImportCheck"/>
<error line="18" column="24" severity="warning" message="&apos;{&apos; at column 24 should have line break after." source="com.puppycrawl.tools.checkstyle.checks.blocks.LeftCurlyCheck"/>
<error line="20" column="31" severity="warning" message="&apos;{&apos; at column 31 should have line break after." source="com.puppycrawl.tools.checkstyle.checks.blocks.LeftCurlyCheck"/>
</file>
<file name="/Users/Terry/Documents/PRG/projects/Windfarms/ideal-opta-journey/windfarm-cxd/src/main/java/com/windfarmplanner/Route.java">
<error line="0" severity="warning" message="File does not end with a newline." source="com.puppycrawl.tools.checkstyle.checks.NewlineAtEndOfFileCheck"/>
<error line="4" column="1" severity="warning" message="Redundant import from the same package - com.windfarmplanner.Turbine." source="com.puppycrawl.tools.checkstyle.checks.imports.RedundantImportCheck"/>
<error line="5" column="1" severity="warning" message="Redundant import from the same package - com.windfarmplanner.Vessel." source="com.puppycrawl.tools.checkstyle.checks.imports.RedundantImportCheck"/>
<error line="55" column="33" severity="warning" message="&apos;{&apos; is not preceded with whitespace." source="com.puppycrawl.tools.checkstyle.checks.whitespace.WhitespaceAroundCheck"/>
</file>
<file name="/Users/Terry/Documents/PRG/projects/Windfarms/ideal-opta-journey/windfarm-cxd/src/main/java/com/windfarmplanner/Part.java">
<error line="0" severity="warning" message="File does not end with a newline." source="com.puppycrawl.tools.checkstyle.checks.NewlineAtEndOfFileCheck"/>
</file>
<file name="/Users/Terry/Documents/PRG/projects/Windfarms/ideal-opta-journey/windfarm-cxd/src/main/java/com/windfarmplanner/Vessel.java">
<error line="0" severity="warning" message="File does not end with a newline." source="com.puppycrawl.tools.checkstyle.checks.NewlineAtEndOfFileCheck"/>
<error line="4" column="1" severity="warning" message="Redundant import from the same package - com.windfarmplanner.Base." source="com.puppycrawl.tools.checkstyle.checks.imports.RedundantImportCheck"/>
<error line="5" column="1" severity="warning" message="Redundant import from the same package - com.windfarmplanner.Turbine." source="com.puppycrawl.tools.checkstyle.checks.imports.RedundantImportCheck"/>
<error line="6" column="1" severity="warning" message="Redundant import from the same package - com.windfarmplanner.Standstill." source="com.puppycrawl.tools.checkstyle.checks.imports.RedundantImportCheck"/>
<error line="7" column="1" severity="warning" message="Redundant import from the same package - com.windfarmplanner.Depot." source="com.puppycrawl.tools.checkstyle.checks.imports.RedundantImportCheck"/>
</file>
<file name="/Users/Terry/Documents/PRG/projects/Windfarms/ideal-opta-journey/windfarm-cxd/src/main/java/com/windfarmplanner/ScoreCalculator.java">
<error line="0" severity="warning" message="File does not end with a newline." source="com.puppycrawl.tools.checkstyle.checks.NewlineAtEndOfFileCheck"/>
<error line="3" column="1" severity="warning" message="Redundant import from the same package - com.windfarmplanner.Standstill." source="com.puppycrawl.tools.checkstyle.checks.imports.RedundantImportCheck"/>
<error line="4" column="1" severity="warning" message="Redundant import from the same package - com.windfarmplanner.Vessel." source="com.puppycrawl.tools.checkstyle.checks.imports.RedundantImportCheck"/>
<error line="5" column="1" severity="warning" message="Redundant import from the same package - com.windfarmplanner.Turbine." source="com.puppycrawl.tools.checkstyle.checks.imports.RedundantImportCheck"/>
</file>
<file name="/Users/Terry/Documents/PRG/projects/Windfarms/ideal-opta-journey/windfarm-cxd/src/main/java/com/windfarmplanner/Turbine.java">
<error line="3" column="1" severity="warning" message="Redundant import from the same package - com.windfarmplanner.Location." source="com.puppycrawl.tools.checkstyle.checks.imports.RedundantImportCheck"/>
<error line="4" column="1" severity="warning" message="Redundant import from the same package - com.windfarmplanner.Standstill." source="com.puppycrawl.tools.checkstyle.checks.imports.RedundantImportCheck"/>
<error line="11" column="71" severity="warning" message="&apos;{&apos; is not preceded with whitespace." source="com.puppycrawl.tools.checkstyle.checks.whitespace.WhitespaceAroundCheck"/>
</file>
<file name="/Users/Terry/Documents/PRG/projects/Windfarms/ideal-opta-journey/windfarm-cxd/src/main/java/com/windfarmplanner/Location.java">
<error line="54" column="51" severity="warning" message="&apos;{&apos; is not preceded with whitespace." source="com.puppycrawl.tools.checkstyle.checks.whitespace.WhitespaceAroundCheck"/>
</file>
<file name="/Users/Terry/Documents/PRG/projects/Windfarms/ideal-opta-journey/windfarm-cxd/src/main/java/com/windfarmplanner/App.java">
<error line="0" severity="warning" message="File does not end with a newline." source="com.puppycrawl.tools.checkstyle.checks.NewlineAtEndOfFileCheck"/>
<error line="3" column="1" severity="warning" message="Redundant import from the same package - com.windfarmplanner.Base." source="com.puppycrawl.tools.checkstyle.checks.imports.RedundantImportCheck"/>
<error line="4" column="1" severity="warning" message="Redundant import from the same package - com.windfarmplanner.Vessel." source="com.puppycrawl.tools.checkstyle.checks.imports.RedundantImportCheck"/>
<error line="5" column="1" severity="warning" message="Redundant import from the same package - com.windfarmplanner.Turbine." source="com.puppycrawl.tools.checkstyle.checks.imports.RedundantImportCheck"/>
<error line="6" column="1" severity="warning" message="Redundant import from the same package - com.windfarmplanner.Route." source="com.puppycrawl.tools.checkstyle.checks.imports.RedundantImportCheck"/>
<error line="7" column="1" severity="warning" message="Redundant import from the same package - com.windfarmplanner.Standstill." source="com.puppycrawl.tools.checkstyle.checks.imports.RedundantImportCheck"/>
<error line="8" column="1" severity="warning" message="Redundant import from the same package - com.windfarmplanner.ScoreCalculator." source="com.puppycrawl.tools.checkstyle.checks.imports.RedundantImportCheck"/>
<error line="9" column="1" severity="warning" message="Redundant import from the same package - com.windfarmplanner.Depot." source="com.puppycrawl.tools.checkstyle.checks.imports.RedundantImportCheck"/>
<error line="17" column="1" severity="warning" message="Redundant import from the java.lang package - java.lang.Integer." source="com.puppycrawl.tools.checkstyle.checks.imports.RedundantImportCheck"/>
<error line="48" column="28" severity="warning" message="&apos;==&apos; is not preceded with whitespace." source="com.puppycrawl.tools.checkstyle.checks.whitespace.WhitespaceAroundCheck"/>
<error line="48" column="30" severity="warning" message="&apos;==&apos; is not followed by whitespace." source="com.puppycrawl.tools.checkstyle.checks.whitespace.WhitespaceAroundCheck"/>
<error line="48" column="40" severity="warning" message="&apos;{&apos; is not preceded with whitespace." source="com.puppycrawl.tools.checkstyle.checks.whitespace.WhitespaceAroundCheck"/>
<error line="51" column="28" severity="warning" message="&apos;==&apos; is not preceded with whitespace." source="com.puppycrawl.tools.checkstyle.checks.whitespace.WhitespaceAroundCheck"/>
<error line="51" column="30" severity="warning" message="&apos;==&apos; is not followed by whitespace." source="com.puppycrawl.tools.checkstyle.checks.whitespace.WhitespaceAroundCheck"/>
<error line="51" column="39" severity="warning" message="&apos;{&apos; is not preceded with whitespace." source="com.puppycrawl.tools.checkstyle.checks.whitespace.WhitespaceAroundCheck"/>
<error line="54" column="28" severity="warning" message="&apos;==&apos; is not preceded with whitespace." source="com.puppycrawl.tools.checkstyle.checks.whitespace.WhitespaceAroundCheck"/>
<error line="54" column="30" severity="warning" message="&apos;==&apos; is not followed by whitespace." source="com.puppycrawl.tools.checkstyle.checks.whitespace.WhitespaceAroundCheck"/>
<error line="54" column="37" severity="warning" message="&apos;{&apos; is not preceded with whitespace." source="com.puppycrawl.tools.checkstyle.checks.whitespace.WhitespaceAroundCheck"/>
</file>
<file name="/Users/Terry/Documents/PRG/projects/Windfarms/ideal-opta-journey/windfarm-cxd/src/main/java/com/windfarmplanner/Technician.java">
<error line="0" severity="warning" message="File does not end with a newline." source="com.puppycrawl.tools.checkstyle.checks.NewlineAtEndOfFileCheck"/>
</file>
<file name="/Users/Terry/Documents/PRG/projects/Windfarms/ideal-opta-journey/windfarm-cxd/src/main/java/com/windfarmplanner/Depot.java">
<error line="3" column="1" severity="warning" message="Redundant import from the same package - com.windfarmplanner.Location." source="com.puppycrawl.tools.checkstyle.checks.imports.RedundantImportCheck"/>
</file>
<file name="/Users/Terry/Documents/PRG/projects/Windfarms/ideal-opta-journey/windfarm-cxd/src/main/java/com/windfarmplanner/Standstill.java">
<error line="5" column="1" severity="warning" message="Redundant import from the same package - com.windfarmplanner.Location." source="com.puppycrawl.tools.checkstyle.checks.imports.RedundantImportCheck"/>
</file>
<file name="/Users/Terry/Documents/PRG/projects/Windfarms/ideal-opta-journey/windfarm-cxd/src/test/java/com/windfarmplanner/AppTest.java">
<error line="11" column="1" severity="warning" message="&apos;{&apos; at column 1 should be on the previous line." source="com.puppycrawl.tools.checkstyle.checks.blocks.LeftCurlyCheck"/>
<error line="12" severity="warning" message="First sentence should end with a period." source="com.puppycrawl.tools.checkstyle.checks.javadoc.JavadocStyleCheck"/>
<error line="17" column="5" severity="warning" message="&apos;{&apos; at column 5 should be on the previous line." source="com.puppycrawl.tools.checkstyle.checks.blocks.LeftCurlyCheck"/>
<error line="18" column="20" severity="warning" message="&apos;(&apos; is followed by whitespace." source="com.puppycrawl.tools.checkstyle.checks.whitespace.ParenPadCheck"/>
<error line="18" column="25" severity="warning" message="&apos;)&apos; is preceded with whitespace." source="com.puppycrawl.tools.checkstyle.checks.whitespace.ParenPadCheck"/>
</file>
</checkstyle>
